<?xml version="1.0" encoding="UTF-8"?>
<testsuite xmlns:xsi="http://www.w3.org/2001/XMLSchema-instance" xsi:noNamespaceSchemaLocation="https://maven.apache.org/surefire/maven-surefire-plugin/xsd/surefire-test-report-3.0.xsd" version="3.0" name="TestSuite" time="12.937" tests="8" errors="0" skipped="0" failures="1">
  <properties>
    <property name="java.specification.version" value="18"/>
    <property name="sun.cpu.isalist" value="amd64"/>
    <property name="sun.jnu.encoding" value="Cp1252"/>
    <property name="java.class.path" value="C:\Users\bidve.amol\eclipse-workspace\SACH_API_Automation\target\test-classes;C:\Users\bidve.amol\eclipse-workspace\SACH_API_Automation\target\classes;C:\Users\bidve.amol\.m2\repository\io\rest-assured\rest-assured\5.3.0\rest-assured-5.3.0.jar;C:\Users\bidve.amol\.m2\repository\org\apache\groovy\groovy\4.0.6\groovy-4.0.6.jar;C:\Users\bidve.amol\.m2\repository\org\apache\groovy\groovy-xml\4.0.6\groovy-xml-4.0.6.jar;C:\Users\bidve.amol\.m2\repository\org\apache\httpcomponents\httpclient\4.5.13\httpclient-4.5.13.jar;C:\Users\bidve.amol\.m2\repository\org\apache\httpcomponents\httpcore\4.4.13\httpcore-4.4.13.jar;C:\Users\bidve.amol\.m2\repository\commons-logging\commons-logging\1.2\commons-logging-1.2.jar;C:\Users\bidve.amol\.m2\repository\org\apache\httpcomponents\httpmime\4.5.13\httpmime-4.5.13.jar;C:\Users\bidve.amol\.m2\repository\org\hamcrest\hamcrest\2.1\hamcrest-2.1.jar;C:\Users\bidve.amol\.m2\repository\org\ccil\cowan\tagsoup\tagsoup\1.2.1\tagsoup-1.2.1.jar;C:\Users\bidve.amol\.m2\repository\io\rest-assured\xml-path\5.3.0\xml-path-5.3.0.jar;C:\Users\bidve.amol\.m2\repository\io\rest-assured\json-path\5.3.1\json-path-5.3.1.jar;C:\Users\bidve.amol\.m2\repository\org\apache\groovy\groovy-json\4.0.11\groovy-json-4.0.11.jar;C:\Users\bidve.amol\.m2\repository\io\rest-assured\rest-assured-common\5.3.1\rest-assured-common-5.3.1.jar;C:\Users\bidve.amol\.m2\repository\org\json\json\20230618\json-20230618.jar;C:\Users\bidve.amol\.m2\repository\org\testng\testng\7.7.1\testng-7.7.1.jar;C:\Users\bidve.amol\.m2\repository\org\slf4j\slf4j-api\1.7.36\slf4j-api-1.7.36.jar;C:\Users\bidve.amol\.m2\repository\com\beust\jcommander\1.82\jcommander-1.82.jar;C:\Users\bidve.amol\.m2\repository\org\webjars\jquery\3.6.1\jquery-3.6.1.jar;C:\Users\bidve.amol\.m2\repository\com\github\scribejava\scribejava-apis\8.3.3\scribejava-apis-8.3.3.jar;C:\Users\bidve.amol\.m2\repository\com\github\scribejava\scribejava-core\8.3.3\scribejava-core-8.3.3.jar;C:\Users\bidve.amol\.m2\repository\com\github\scribejava\scribejava-java8\8.3.3\scribejava-java8-8.3.3.jar;C:\Users\bidve.amol\.m2\repository\io\rest-assured\json-schema-validator\5.1.1\json-schema-validator-5.1.1.jar;C:\Users\bidve.amol\.m2\repository\com\github\java-json-tools\json-schema-validator\2.2.14\json-schema-validator-2.2.14.jar;C:\Users\bidve.amol\.m2\repository\com\google\guava\guava\28.2-android\guava-28.2-android.jar;C:\Users\bidve.amol\.m2\repository\com\google\guava\failureaccess\1.0.1\failureaccess-1.0.1.jar;C:\Users\bidve.amol\.m2\repository\com\google\guava\listenablefuture\9999.0-empty-to-avoid-conflict-with-guava\listenablefuture-9999.0-empty-to-avoid-conflict-with-guava.jar;C:\Users\bidve.amol\.m2\repository\org\checkerframework\checker-compat-qual\2.5.5\checker-compat-qual-2.5.5.jar;C:\Users\bidve.amol\.m2\repository\com\google\errorprone\error_prone_annotations\2.3.4\error_prone_annotations-2.3.4.jar;C:\Users\bidve.amol\.m2\repository\com\google\j2objc\j2objc-annotations\1.3\j2objc-annotations-1.3.jar;C:\Users\bidve.amol\.m2\repository\com\github\java-json-tools\jackson-coreutils-equivalence\1.0\jackson-coreutils-equivalence-1.0.jar;C:\Users\bidve.amol\.m2\repository\com\github\java-json-tools\jackson-coreutils\2.0\jackson-coreutils-2.0.jar;C:\Users\bidve.amol\.m2\repository\com\github\java-json-tools\msg-simple\1.2\msg-simple-1.2.jar;C:\Users\bidve.amol\.m2\repository\com\github\java-json-tools\btf\1.3\btf-1.3.jar;C:\Users\bidve.amol\.m2\repository\com\github\java-json-tools\json-schema-core\1.2.14\json-schema-core-1.2.14.jar;C:\Users\bidve.amol\.m2\repository\com\github\java-json-tools\uri-template\0.10\uri-template-0.10.jar;C:\Users\bidve.amol\.m2\repository\org\mozilla\rhino\1.7.7.2\rhino-1.7.7.2.jar;C:\Users\bidve.amol\.m2\repository\com\sun\mail\mailapi\1.6.2\mailapi-1.6.2.jar;C:\Users\bidve.amol\.m2\repository\joda-time\joda-time\2.10.5\joda-time-2.10.5.jar;C:\Users\bidve.amol\.m2\repository\com\googlecode\libphonenumber\libphonenumber\8.11.1\libphonenumber-8.11.1.jar;C:\Users\bidve.amol\.m2\repository\com\google\code\findbugs\jsr305\3.0.2\jsr305-3.0.2.jar;C:\Users\bidve.amol\.m2\repository\net\sf\jopt-simple\jopt-simple\5.0.4\jopt-simple-5.0.4.jar;C:\Users\bidve.amol\.m2\repository\com\fasterxml\jackson\core\jackson-databind\2.15.0\jackson-databind-2.15.0.jar;C:\Users\bidve.amol\.m2\repository\com\fasterxml\jackson\core\jackson-annotations\2.15.0\jackson-annotations-2.15.0.jar;C:\Users\bidve.amol\.m2\repository\com\fasterxml\jackson\core\jackson-core\2.15.0\jackson-core-2.15.0.jar;C:\Users\bidve.amol\.m2\repository\com\github\javafaker\javafaker\1.0.2\javafaker-1.0.2.jar;C:\Users\bidve.amol\.m2\repository\org\apache\commons\commons-lang3\3.5\commons-lang3-3.5.jar;C:\Users\bidve.amol\.m2\repository\org\yaml\snakeyaml\1.23\snakeyaml-1.23-android.jar;C:\Users\bidve.amol\.m2\repository\com\github\mifmif\generex\1.0.2\generex-1.0.2.jar;C:\Users\bidve.amol\.m2\repository\dk\brics\automaton\automaton\1.11-8\automaton-1.11-8.jar;C:\Users\bidve.amol\.m2\repository\com\aventstack\extentreports\5.0.9\extentreports-5.0.9.jar;C:\Users\bidve.amol\.m2\repository\io\reactivex\rxjava3\rxjava\3.0.4\rxjava-3.0.4.jar;C:\Users\bidve.amol\.m2\repository\org\reactivestreams\reactive-streams\1.0.3\reactive-streams-1.0.3.jar;C:\Users\bidve.amol\.m2\repository\org\freemarker\freemarker\2.3.30\freemarker-2.3.30.jar;C:\Users\bidve.amol\.m2\repository\com\google\code\gson\gson\2.8.6\gson-2.8.6.jar;C:\Users\bidve.amol\.m2\repository\org\apache\poi\poi\5.2.2\poi-5.2.2.jar;C:\Users\bidve.amol\.m2\repository\commons-codec\commons-codec\1.15\commons-codec-1.15.jar;C:\Users\bidve.amol\.m2\repository\org\apache\commons\commons-collections4\4.4\commons-collections4-4.4.jar;C:\Users\bidve.amol\.m2\repository\org\apache\commons\commons-math3\3.6.1\commons-math3-3.6.1.jar;C:\Users\bidve.amol\.m2\repository\commons-io\commons-io\2.11.0\commons-io-2.11.0.jar;C:\Users\bidve.amol\.m2\repository\com\zaxxer\SparseBitSet\1.2\SparseBitSet-1.2.jar;C:\Users\bidve.amol\.m2\repository\org\apache\poi\poi-ooxml\5.2.2\poi-ooxml-5.2.2.jar;C:\Users\bidve.amol\.m2\repository\org\apache\poi\poi-ooxml-lite\5.2.2\poi-ooxml-lite-5.2.2.jar;C:\Users\bidve.amol\.m2\repository\org\apache\xmlbeans\xmlbeans\5.0.3\xmlbeans-5.0.3.jar;C:\Users\bidve.amol\.m2\repository\org\apache\commons\commons-compress\1.21\commons-compress-1.21.jar;C:\Users\bidve.amol\.m2\repository\com\github\virtuald\curvesapi\1.07\curvesapi-1.07.jar;C:\Users\bidve.amol\.m2\repository\org\apache\logging\log4j\log4j-core\2.20.0\log4j-core-2.20.0.jar;C:\Users\bidve.amol\.m2\repository\org\apache\logging\log4j\log4j-api\2.20.0\log4j-api-2.20.0.jar;C:\Users\bidve.amol\.m2\repository\org\projectlombok\lombok\1.18.22\lombok-1.18.22.jar;"/>
    <property name="java.vm.vendor" value="Oracle Corporation"/>
    <property name="sun.arch.data.model" value="64"/>
    <property name="user.variant" value=""/>
    <property name="java.vendor.url" value="https://java.oracle.com/"/>
    <property name="user.timezone" value="Asia/Calcutta"/>
    <property name="os.name" value="Windows 11"/>
    <property name="java.vm.specification.version" value="18"/>
    <property name="sun.java.launcher" value="SUN_STANDARD"/>
    <property name="user.country" value="US"/>
    <property name="sun.boot.library.path" value="C:\Program Files\Java\jdk-18.0.2\bin"/>
    <property name="sun.java.command" value="C:\Users\bidve.amol\AppData\Local\Temp\surefire17368889793746991842\surefirebooter-20230720181231298_3.jar C:\Users\bidve.amol\AppData\Local\Temp\surefire17368889793746991842 2023-07-20T18-12-31_176-jvmRun1 surefire-20230720181231298_1tmp surefire_0-20230720181231298_2tmp"/>
    <property name="jdk.debug" value="release"/>
    <property name="surefire.test.class.path" value="C:\Users\bidve.amol\eclipse-workspace\SACH_API_Automation\target\test-classes;C:\Users\bidve.amol\eclipse-workspace\SACH_API_Automation\target\classes;C:\Users\bidve.amol\.m2\repository\io\rest-assured\rest-assured\5.3.0\rest-assured-5.3.0.jar;C:\Users\bidve.amol\.m2\repository\org\apache\groovy\groovy\4.0.6\groovy-4.0.6.jar;C:\Users\bidve.amol\.m2\repository\org\apache\groovy\groovy-xml\4.0.6\groovy-xml-4.0.6.jar;C:\Users\bidve.amol\.m2\repository\org\apache\httpcomponents\httpclient\4.5.13\httpclient-4.5.13.jar;C:\Users\bidve.amol\.m2\repository\org\apache\httpcomponents\httpcore\4.4.13\httpcore-4.4.13.jar;C:\Users\bidve.amol\.m2\repository\commons-logging\commons-logging\1.2\commons-logging-1.2.jar;C:\Users\bidve.amol\.m2\repository\org\apache\httpcomponents\httpmime\4.5.13\httpmime-4.5.13.jar;C:\Users\bidve.amol\.m2\repository\org\hamcrest\hamcrest\2.1\hamcrest-2.1.jar;C:\Users\bidve.amol\.m2\repository\org\ccil\cowan\tagsoup\tagsoup\1.2.1\tagsoup-1.2.1.jar;C:\Users\bidve.amol\.m2\repository\io\rest-assured\xml-path\5.3.0\xml-path-5.3.0.jar;C:\Users\bidve.amol\.m2\repository\io\rest-assured\json-path\5.3.1\json-path-5.3.1.jar;C:\Users\bidve.amol\.m2\repository\org\apache\groovy\groovy-json\4.0.11\groovy-json-4.0.11.jar;C:\Users\bidve.amol\.m2\repository\io\rest-assured\rest-assured-common\5.3.1\rest-assured-common-5.3.1.jar;C:\Users\bidve.amol\.m2\repository\org\json\json\20230618\json-20230618.jar;C:\Users\bidve.amol\.m2\repository\org\testng\testng\7.7.1\testng-7.7.1.jar;C:\Users\bidve.amol\.m2\repository\org\slf4j\slf4j-api\1.7.36\slf4j-api-1.7.36.jar;C:\Users\bidve.amol\.m2\repository\com\beust\jcommander\1.82\jcommander-1.82.jar;C:\Users\bidve.amol\.m2\repository\org\webjars\jquery\3.6.1\jquery-3.6.1.jar;C:\Users\bidve.amol\.m2\repository\com\github\scribejava\scribejava-apis\8.3.3\scribejava-apis-8.3.3.jar;C:\Users\bidve.amol\.m2\repository\com\github\scribejava\scribejava-core\8.3.3\scribejava-core-8.3.3.jar;C:\Users\bidve.amol\.m2\repository\com\github\scribejava\scribejava-java8\8.3.3\scribejava-java8-8.3.3.jar;C:\Users\bidve.amol\.m2\repository\io\rest-assured\json-schema-validator\5.1.1\json-schema-validator-5.1.1.jar;C:\Users\bidve.amol\.m2\repository\com\github\java-json-tools\json-schema-validator\2.2.14\json-schema-validator-2.2.14.jar;C:\Users\bidve.amol\.m2\repository\com\google\guava\guava\28.2-android\guava-28.2-android.jar;C:\Users\bidve.amol\.m2\repository\com\google\guava\failureaccess\1.0.1\failureaccess-1.0.1.jar;C:\Users\bidve.amol\.m2\repository\com\google\guava\listenablefuture\9999.0-empty-to-avoid-conflict-with-guava\listenablefuture-9999.0-empty-to-avoid-conflict-with-guava.jar;C:\Users\bidve.amol\.m2\repository\org\checkerframework\checker-compat-qual\2.5.5\checker-compat-qual-2.5.5.jar;C:\Users\bidve.amol\.m2\repository\com\google\errorprone\error_prone_annotations\2.3.4\error_prone_annotations-2.3.4.jar;C:\Users\bidve.amol\.m2\repository\com\google\j2objc\j2objc-annotations\1.3\j2objc-annotations-1.3.jar;C:\Users\bidve.amol\.m2\repository\com\github\java-json-tools\jackson-coreutils-equivalence\1.0\jackson-coreutils-equivalence-1.0.jar;C:\Users\bidve.amol\.m2\repository\com\github\java-json-tools\jackson-coreutils\2.0\jackson-coreutils-2.0.jar;C:\Users\bidve.amol\.m2\repository\com\github\java-json-tools\msg-simple\1.2\msg-simple-1.2.jar;C:\Users\bidve.amol\.m2\repository\com\github\java-json-tools\btf\1.3\btf-1.3.jar;C:\Users\bidve.amol\.m2\repository\com\github\java-json-tools\json-schema-core\1.2.14\json-schema-core-1.2.14.jar;C:\Users\bidve.amol\.m2\repository\com\github\java-json-tools\uri-template\0.10\uri-template-0.10.jar;C:\Users\bidve.amol\.m2\repository\org\mozilla\rhino\1.7.7.2\rhino-1.7.7.2.jar;C:\Users\bidve.amol\.m2\repository\com\sun\mail\mailapi\1.6.2\mailapi-1.6.2.jar;C:\Users\bidve.amol\.m2\repository\joda-time\joda-time\2.10.5\joda-time-2.10.5.jar;C:\Users\bidve.amol\.m2\repository\com\googlecode\libphonenumber\libphonenumber\8.11.1\libphonenumber-8.11.1.jar;C:\Users\bidve.amol\.m2\repository\com\google\code\findbugs\jsr305\3.0.2\jsr305-3.0.2.jar;C:\Users\bidve.amol\.m2\repository\net\sf\jopt-simple\jopt-simple\5.0.4\jopt-simple-5.0.4.jar;C:\Users\bidve.amol\.m2\repository\com\fasterxml\jackson\core\jackson-databind\2.15.0\jackson-databind-2.15.0.jar;C:\Users\bidve.amol\.m2\repository\com\fasterxml\jackson\core\jackson-annotations\2.15.0\jackson-annotations-2.15.0.jar;C:\Users\bidve.amol\.m2\repository\com\fasterxml\jackson\core\jackson-core\2.15.0\jackson-core-2.15.0.jar;C:\Users\bidve.amol\.m2\repository\com\github\javafaker\javafaker\1.0.2\javafaker-1.0.2.jar;C:\Users\bidve.amol\.m2\repository\org\apache\commons\commons-lang3\3.5\commons-lang3-3.5.jar;C:\Users\bidve.amol\.m2\repository\org\yaml\snakeyaml\1.23\snakeyaml-1.23-android.jar;C:\Users\bidve.amol\.m2\repository\com\github\mifmif\generex\1.0.2\generex-1.0.2.jar;C:\Users\bidve.amol\.m2\repository\dk\brics\automaton\automaton\1.11-8\automaton-1.11-8.jar;C:\Users\bidve.amol\.m2\repository\com\aventstack\extentreports\5.0.9\extentreports-5.0.9.jar;C:\Users\bidve.amol\.m2\repository\io\reactivex\rxjava3\rxjava\3.0.4\rxjava-3.0.4.jar;C:\Users\bidve.amol\.m2\repository\org\reactivestreams\reactive-streams\1.0.3\reactive-streams-1.0.3.jar;C:\Users\bidve.amol\.m2\repository\org\freemarker\freemarker\2.3.30\freemarker-2.3.30.jar;C:\Users\bidve.amol\.m2\repository\com\google\code\gson\gson\2.8.6\gson-2.8.6.jar;C:\Users\bidve.amol\.m2\repository\org\apache\poi\poi\5.2.2\poi-5.2.2.jar;C:\Users\bidve.amol\.m2\repository\commons-codec\commons-codec\1.15\commons-codec-1.15.jar;C:\Users\bidve.amol\.m2\repository\org\apache\commons\commons-collections4\4.4\commons-collections4-4.4.jar;C:\Users\bidve.amol\.m2\repository\org\apache\commons\commons-math3\3.6.1\commons-math3-3.6.1.jar;C:\Users\bidve.amol\.m2\repository\commons-io\commons-io\2.11.0\commons-io-2.11.0.jar;C:\Users\bidve.amol\.m2\repository\com\zaxxer\SparseBitSet\1.2\SparseBitSet-1.2.jar;C:\Users\bidve.amol\.m2\repository\org\apache\poi\poi-ooxml\5.2.2\poi-ooxml-5.2.2.jar;C:\Users\bidve.amol\.m2\repository\org\apache\poi\poi-ooxml-lite\5.2.2\poi-ooxml-lite-5.2.2.jar;C:\Users\bidve.amol\.m2\repository\org\apache\xmlbeans\xmlbeans\5.0.3\xmlbeans-5.0.3.jar;C:\Users\bidve.amol\.m2\repository\org\apache\commons\commons-compress\1.21\commons-compress-1.21.jar;C:\Users\bidve.amol\.m2\repository\com\github\virtuald\curvesapi\1.07\curvesapi-1.07.jar;C:\Users\bidve.amol\.m2\repository\org\apache\logging\log4j\log4j-core\2.20.0\log4j-core-2.20.0.jar;C:\Users\bidve.amol\.m2\repository\org\apache\logging\log4j\log4j-api\2.20.0\log4j-api-2.20.0.jar;C:\Users\bidve.amol\.m2\repository\org\projectlombok\lombok\1.18.22\lombok-1.18.22.jar;"/>
    <property name="sun.cpu.endian" value="little"/>
    <property name="user.home" value="C:\Users\bidve.amol"/>
    <property name="user.language" value="en"/>
    <property name="java.specification.vendor" value="Oracle Corporation"/>
    <property name="java.version.date" value="2022-07-19"/>
    <property name="java.home" value="C:\Program Files\Java\jdk-18.0.2"/>
    <property name="file.separator" value="\"/>
    <property name="basedir" value="C:\Users\bidve.amol\eclipse-workspace\SACH_API_Automation"/>
    <property name="java.vm.compressedOopsMode" value="Zero based"/>
    <property name="line.separator" value="&#10;"/>
    <property name="java.vm.specification.vendor" value="Oracle Corporation"/>
    <property name="java.specification.name" value="Java Platform API Specification"/>
    <property name="surefire.real.class.path" value="C:\Users\bidve.amol\AppData\Local\Temp\surefire17368889793746991842\surefirebooter-20230720181231298_3.jar"/>
    <property name="user.script" value=""/>
    <property name="sun.management.compiler" value="HotSpot 64-Bit Tiered Compilers"/>
    <property name="java.runtime.version" value="18.0.2+9-61"/>
    <property name="user.name" value="bidve.amol"/>
    <property name="path.separator" value=";"/>
    <property name="os.version" value="10.0"/>
    <property name="java.runtime.name" value="Java(TM) SE Runtime Environment"/>
    <property name="file.encoding" value="UTF-8"/>
    <property name="java.vm.name" value="Java HotSpot(TM) 64-Bit Server VM"/>
    <property name="localRepository" value="C:\Users\bidve.amol\.m2\repository"/>
    <property name="java.vendor.url.bug" value="https://bugreport.java.com/bugreport/"/>
    <property name="java.io.tmpdir" value="C:\Users\BIDVE~1.AMO\AppData\Local\Temp\"/>
    <property name="java.version" value="18.0.2"/>
    <property name="user.dir" value="C:\Users\bidve.amol\eclipse-workspace\SACH_API_Automation"/>
    <property name="os.arch" value="amd64"/>
    <property name="java.vm.specification.name" value="Java Virtual Machine Specification"/>
    <property name="sun.os.patch.level" value=""/>
    <property name="native.encoding" value="Cp1252"/>
    <property name="java.library.path" value="C:\Program Files\Java\jdk-18.0.2\bin;C:\WINDOWS\Sun\Java\bin;C:\WINDOWS\system32;C:\WINDOWS;C:\Program Files\Common Files\Oracle\Java\javapath;C:\WINDOWS\system32;C:\WINDOWS;C:\WINDOWS\System32\Wbem;C:\WINDOWS\System32\WindowsPowerShell\v1.0\;C:\WINDOWS\System32\OpenSSH\;C:\Program Files\dotnet\;C:\Program Files\nodejs\;C:\apache-maven-3.9.3\bin;C:\apache-jmeter-5.5\bin;C:\Users\bidve.amol\Desktop\apache-jmeter-5.5\apache-jmeter-5.5\bin;C:\Users\bidve.amol\AppData\Local\Microsoft\WindowsApps;C:\Users\bidve.amol\AppData\Roaming\npm;C:\Users\bidve.amol\AppData\Local\Programs\Microsoft VS Code\bin;C:\Users\bidve.amol\AppData\Local\Programs\Git\cmd;."/>
    <property name="java.vm.info" value="mixed mode, sharing"/>
    <property name="java.vendor" value="Oracle Corporation"/>
    <property name="java.vm.version" value="18.0.2+9-61"/>
    <property name="sun.io.unicode.encoding" value="UnicodeLittle"/>
    <property name="java.class.version" value="62.0"/>
  </properties>
  <testcase name="CreateBlog" classname="api.test.API" time="2.673">
    <failure message="&#10;Expected: &quot;Successfully requeste&quot;&#10;     but: was &quot;Successfully requested&quot;" type="java.lang.AssertionError"><![CDATA[java.lang.AssertionError: 

Expected: "Successfully requeste"
     but: was "Successfully requested"
	at org.hamcrest.MatcherAssert.assertThat(MatcherAssert.java:18)
	at org.hamcrest.MatcherAssert.assertThat(MatcherAssert.java:6)
	at api.test.API.CreateBlog(API.java:36)
	at java.base/jdk.internal.reflect.DirectMethodHandleAccessor.invoke(DirectMethodHandleAccessor.java:104)
	at java.base/java.lang.reflect.Method.invoke(Method.java:577)
	at org.testng.internal.invokers.MethodInvocationHelper.invokeMethod(MethodInvocationHelper.java:139)
	at org.testng.internal.invokers.TestInvoker.invokeMethod(TestInvoker.java:677)
	at org.testng.internal.invokers.TestInvoker.invokeTestMethod(TestInvoker.java:221)
	at org.testng.internal.invokers.MethodRunner.runInSequence(MethodRunner.java:50)
	at org.testng.internal.invokers.TestInvoker$MethodInvocationAgent.invoke(TestInvoker.java:969)
	at org.testng.internal.invokers.TestInvoker.invokeTestMethods(TestInvoker.java:194)
	at org.testng.internal.invokers.TestMethodWorker.invokeTestMethods(TestMethodWorker.java:148)
	at org.testng.internal.invokers.TestMethodWorker.run(TestMethodWorker.java:128)
	at java.base/java.util.ArrayList.forEach(ArrayList.java:1511)
	at org.testng.TestRunner.privateRun(TestRunner.java:829)
	at org.testng.TestRunner.run(TestRunner.java:602)
	at org.testng.SuiteRunner.runTest(SuiteRunner.java:437)
	at org.testng.SuiteRunner.runSequentially(SuiteRunner.java:431)
	at org.testng.SuiteRunner.privateRun(SuiteRunner.java:391)
	at org.testng.SuiteRunner.run(SuiteRunner.java:330)
	at org.testng.SuiteRunnerWorker.runSuite(SuiteRunnerWorker.java:52)
	at org.testng.SuiteRunnerWorker.run(SuiteRunnerWorker.java:95)
	at org.testng.TestNG.runSuitesSequentially(TestNG.java:1256)
	at org.testng.TestNG.runSuitesLocally(TestNG.java:1176)
	at org.testng.TestNG.runSuites(TestNG.java:1099)
	at org.testng.TestNG.run(TestNG.java:1067)
	at org.apache.maven.surefire.testng.TestNGExecutor.run(TestNGExecutor.java:308)
	at org.apache.maven.surefire.testng.TestNGXmlTestSuite.execute(TestNGXmlTestSuite.java:71)
	at org.apache.maven.surefire.testng.TestNGProvider.invoke(TestNGProvider.java:113)
	at org.apache.maven.surefire.booter.ForkedBooter.runSuitesInProcess(ForkedBooter.java:385)
	at org.apache.maven.surefire.booter.ForkedBooter.execute(ForkedBooter.java:162)
	at org.apache.maven.surefire.booter.ForkedBooter.run(ForkedBooter.java:507)
	at org.apache.maven.surefire.booter.ForkedBooter.main(ForkedBooter.java:495)
]]></failure>
    <system-out><![CDATA[HTTP/1.1 201 Created
Date: Thu, 20 Jul 2023 12:42:34 GMT
Content-Type: application/json; charset=utf-8
Content-Length: 70
Connection: keep-alive
Authorization: Bearer eyJhbGciOiJIUzI1NiIsInR5cCI6IkpXVCJ9.eyJ1c2VyIjp7Il9pZCI6IjYzNGQ2YTMwYTNkZGZmODk0NTkyZTlkNiIsInVzZXJGdWxsTmFtZSI6Ik1vaGQgVXNtYW4iLCJ1c2VyUGFzc3dvcmQiOm51bGwsInVzZXJDb250YWN0IjoiKzkxOTY1MDAxMjE4MCIsInVzZXJFbWFpbCI6InZlbmRlcm9mZkBnbWFpbC5jb20iLCJzYWNoVXNlcklkIjoiU0FDSC00MTgiLCJzdGF0dXMiOiJhY3RpdmUiLCJjcmVhdGVkQXQiOiIyMDIyLTEwLTE3VDE0OjQ0OjAwLjgyNFoiLCJ1cGRhdGVkQXQiOiIyMDIzLTA2LTA3VDA1OjQzOjU5LjQ4OVoiLCJyb2xlSWQiOiI2MmY5NTEwZDkwNjAwNDk4NWQ4YmIzODEifSwicm9sZSI6eyJfaWQiOiI2MmY5NTEwZDkwNjAwNDk4NWQ4YmIzODEiLCJyb2xlSWQiOiI2MmY5NTEwZDkwNjAwNDk4NWQ4YmIzODEiLCJyb2xlTmFtZSI6IlN1cGVyIEFkbWluIiwiYWNjZXNzaWJsZUxpc3QiOlt7ImlkIjoidXNlck1uZ210IiwibmFtZSI6IlVzZXIgTWFuYWdlbWVudCIsInJlYWQiOnRydWUsIndyaXRlIjp0cnVlfSx7ImlkIjoiY2F0ZWdvcnlNbmdtdCIsIm5hbWUiOiJDYXRlZ29yeSBNYW5hZ2VtZW50IiwicmVhZCI6ZmFsc2UsIndyaXRlIjp0cnVlfSx7ImlkIjoiZXZlbnRNbmdtdCIsIm5hbWUiOiJFdmVudCBNYW5hZ2VtZW50IiwicmVhZCI6ZmFsc2UsIndyaXRlIjp0cnVlfSx7ImlkIjoiYmxvZ01uZ210IiwibmFtZSI6IkJsb2dzIE1hbmFnZW1lbnQiLCJyZWFkIjpmYWxzZSwid3JpdGUiOnRydWV9LHsiaWQiOiJ0ZXN0aW1vbmlhbCIsIm5hbWUiOiJUZXN0aW1vbmlhbCIsInJlYWQiOmZhbHNlLCJ3cml0ZSI6dHJ1ZX0seyJpZCI6InJlcXVlc3RUb3BpYyIsIm5hbWUiOiJUb3BpYyBSZXF1ZXN0IiwicmVhZCI6ZmFsc2UsIndyaXRlIjp0cnVlfSx7ImlkIjoibXVsdGlMYW5nIiwibmFtZSI6IkNNUyIsInJlYWQiOnRydWUsIndyaXRlIjp0cnVlfSx7ImlkIjoiY29udHJpYnV0aW9uX21nbXQiLCJuYW1lIjoiQ29udHJpYnV0aW9uIiwicmVhZCI6ZmFsc2UsIndyaXRlIjp0cnVlfV0sImNyZWF0ZWRBdCI6IjIwMjItMDgtMTRUMTk6NDY6MjAuODg1WiIsInVwZGF0ZWRBdCI6IjIwMjItMDktMjJUMDc6MTg6MDUuMjMzWiJ9LCJzdWIiOiI2MzRkNmEzMGEzZGRmZjg5NDU5MmU5ZDYiLCJpYXQiOjE2ODk4Mzc1MjcsImV4cCI6MTc0OTgzNzUyN30.WAluSm6uQ-MEIwWTbmlbdKq4oj32wYQSVziZo806sbA
Lang: eng
Vary: Origin
X-Request-Id: ff00618e-7c9b-4e90-a696-2dd9def4f2f7

{
    "statusCode": 0,
    "error": "",
    "id": "",
    "message": "Successfully requested"
}
]]></system-out>
    <system-err><![CDATA[SLF4J: Failed to load class "org.slf4j.impl.StaticLoggerBinder".
SLF4J: Defaulting to no-operation (NOP) logger implementation
SLF4J: See http://www.slf4j.org/codes.html#StaticLoggerBinder for further details.
]]></system-err>
  </testcase>
  <testcase name="Roles" classname="api.test.API" time="0.254">
    <system-out><![CDATA[HTTP/1.1 200 OK
Date: Thu, 20 Jul 2023 12:42:35 GMT
Content-Type: application/json; charset=utf-8
Transfer-Encoding: chunked
Connection: keep-alive
Authorization: Bearer eyJhbGciOiJIUzI1NiIsInR5cCI6IkpXVCJ9.eyJ1c2VyIjp7Il9pZCI6IjYzNGQ2YTMwYTNkZGZmODk0NTkyZTlkNiIsInVzZXJGdWxsTmFtZSI6Ik1vaGQgVXNtYW4iLCJ1c2VyUGFzc3dvcmQiOm51bGwsInVzZXJDb250YWN0IjoiKzkxOTY1MDAxMjE4MCIsInVzZXJFbWFpbCI6InZlbmRlcm9mZkBnbWFpbC5jb20iLCJzYWNoVXNlcklkIjoiU0FDSC00MTgiLCJzdGF0dXMiOiJhY3RpdmUiLCJjcmVhdGVkQXQiOiIyMDIyLTEwLTE3VDE0OjQ0OjAwLjgyNFoiLCJ1cGRhdGVkQXQiOiIyMDIzLTA2LTA3VDA1OjQzOjU5LjQ4OVoiLCJyb2xlSWQiOiI2MmY5NTEwZDkwNjAwNDk4NWQ4YmIzODEifSwicm9sZSI6eyJfaWQiOiI2MmY5NTEwZDkwNjAwNDk4NWQ4YmIzODEiLCJyb2xlSWQiOiI2MmY5NTEwZDkwNjAwNDk4NWQ4YmIzODEiLCJyb2xlTmFtZSI6IlN1cGVyIEFkbWluIiwiYWNjZXNzaWJsZUxpc3QiOlt7ImlkIjoidXNlck1uZ210IiwibmFtZSI6IlVzZXIgTWFuYWdlbWVudCIsInJlYWQiOnRydWUsIndyaXRlIjp0cnVlfSx7ImlkIjoiY2F0ZWdvcnlNbmdtdCIsIm5hbWUiOiJDYXRlZ29yeSBNYW5hZ2VtZW50IiwicmVhZCI6ZmFsc2UsIndyaXRlIjp0cnVlfSx7ImlkIjoiZXZlbnRNbmdtdCIsIm5hbWUiOiJFdmVudCBNYW5hZ2VtZW50IiwicmVhZCI6ZmFsc2UsIndyaXRlIjp0cnVlfSx7ImlkIjoiYmxvZ01uZ210IiwibmFtZSI6IkJsb2dzIE1hbmFnZW1lbnQiLCJyZWFkIjpmYWxzZSwid3JpdGUiOnRydWV9LHsiaWQiOiJ0ZXN0aW1vbmlhbCIsIm5hbWUiOiJUZXN0aW1vbmlhbCIsInJlYWQiOmZhbHNlLCJ3cml0ZSI6dHJ1ZX0seyJpZCI6InJlcXVlc3RUb3BpYyIsIm5hbWUiOiJUb3BpYyBSZXF1ZXN0IiwicmVhZCI6ZmFsc2UsIndyaXRlIjp0cnVlfSx7ImlkIjoibXVsdGlMYW5nIiwibmFtZSI6IkNNUyIsInJlYWQiOnRydWUsIndyaXRlIjp0cnVlfSx7ImlkIjoiY29udHJpYnV0aW9uX21nbXQiLCJuYW1lIjoiQ29udHJpYnV0aW9uIiwicmVhZCI6ZmFsc2UsIndyaXRlIjp0cnVlfV0sImNyZWF0ZWRBdCI6IjIwMjItMDgtMTRUMTk6NDY6MjAuODg1WiIsInVwZGF0ZWRBdCI6IjIwMjItMDktMjJUMDc6MTg6MDUuMjMzWiJ9LCJzdWIiOiI2MzRkNmEzMGEzZGRmZjg5NDU5MmU5ZDYiLCJpYXQiOjE2ODk4Mzc1MjcsImV4cCI6MTc0OTgzNzUyN30.WAluSm6uQ-MEIwWTbmlbdKq4oj32wYQSVziZo806sbA
Lang: eng
Vary: Origin
X-Request-Id: 36be1db7-d3d7-49f0-ad5f-9f120f9e0863

[
    {
        "_id": "63399efd9b6843cfbeebe863",
        "roleId": "63399efd9b6843cfbeebe863",
        "roleName": "Admin",
        "accessibleList": [
            {
                "id": "categoryMngmt",
                "name": "Category Management",
                "read": false,
                "write": true
            },
            {
                "id": "blogMngmt",
                "name": "Blogs Management",
                "read": true,
                "write": true
            },
            {
                "id": "contributionMembers",
                "name": "Contribution Members",
                "read": false,
                "write": false
            },
            {
                "id": "cmsManagement",
                "name": "CMS Management",
                "read": false,
                "write": false
            },
            {
                "id": "metaData",
                "name": "Meta Data",
                "read": false,
                "write": false
            },
            {
                "id": "userMngmt",
                "name": "User Management",
                "read": true,
                "write": true
            },
            {
                "id": "testimonial",
                "name": "Testimonial",
                "read": true,
                "write": true
            },
            {
                "id": "topicRequest",
                "name": "Topic Request",
                "read": false,
                "write": false
            },
            {
                "id": "multiLanguage",
                "name": "Multi Language",
                "read": true,
                "write": false
            },
            {
                "id": "weeklySubscription",
                "name": "Weekly Subscription",
                "read": false,
                "write": false
            },
            {
                "id": "subscriptionUsers",
                "name": "Subscription Users",
                "read": false,
                "write": false
            },
            {
                "id": "eventMngmt",
                "name": "Event Management",
                "read": true,
                "write": true
            }
        ],
        "createdAt": "2022-10-02T14:23:57.306Z",
        "updatedAt": "2023-04-18T09:08:09.241Z"
    },
    {
        "_id": "633135c8510907504a4a240b",
        "roleId": "633135c8510907504a4a240b",
        "roleName": "User",
        "accessibleList": [
            {
                "id": "categoryMngmt",
                "name": "Category Management",
                "read": true,
                "write": true
            },
            {
                "id": "blogMngmt",
                "name": "Blogs Management",
                "read": true,
                "write": true
            },
            {
                "id": "contributionMembers",
                "name": "Contribution Members",
                "read": true,
                "write": true
            },
            {
                "id": "cmsManagement",
                "name": "CMS Management",
                "read": true,
                "write": true
            },
            {
                "id": "metaData",
                "name": "Meta Data",
                "read": true,
                "write": true
            },
            {
                "id": "userMngmt",
                "name": "User Management",
                "read": true,
                "write": true
            },
            {
                "id": "testimonial",
                "name": "Testimonial",
                "read": true,
                "write": true
            },
            {
                "id": "topicRequest",
                "name": "Topic Request",
                "read": true,
                "write": true
            },
            {
                "id": "multiLanguage",
                "name": "Multi Language",
                "read": true,
                "write": true
            },
            {
                "id": "weeklySubscription",
                "name": "Weekly Subscription",
                "read": true,
                "write": true
            },
            {
                "id": "subscriptionUsers",
                "name": "Subscription Users",
                "read": true,
                "write": true
            },
            {
                "id": "eventMngmt",
                "name": "Event Management",
                "read": true,
                "write": true
            }
        ],
        "createdAt": "2022-09-26T05:16:56.292Z",
        "updatedAt": "2023-05-05T06:16:19.466Z"
    }
]
]]></system-out>
  </testcase>
  <testcase name="testPostUser[105642, testuser1, John, Mishra, mishra@gmail.com, test@1, 7654665467](1)" classname="api.test.DataDrivenTest" time="1.891">
    <system-out><![CDATA[HTTP/1.1 200 OK
Date: Thu, 20 Jul 2023 12:42:37 GMT
Content-Type: application/json
Transfer-Encoding: chunked
Connection: keep-alive
Access-Control-Allow-Origin: *
Access-Control-Allow-Methods: GET, POST, DELETE, PUT
Access-Control-Allow-Headers: Content-Type, api_key, Authorization
Server: Jetty(9.2.9.v20150224)

{
    "code": 200,
    "type": "unknown",
    "message": "105642"
}
]]></system-out>
  </testcase>
  <testcase name="testPostUser[105643, testuser2, Mohan, Patil, pati@gmail.com, test@2, 7654665457](2)" classname="api.test.DataDrivenTest" time="1.122">
    <system-out><![CDATA[HTTP/1.1 200 OK
Date: Thu, 20 Jul 2023 12:42:39 GMT
Content-Type: application/json
Transfer-Encoding: chunked
Connection: keep-alive
Access-Control-Allow-Origin: *
Access-Control-Allow-Methods: GET, POST, DELETE, PUT
Access-Control-Allow-Headers: Content-Type, api_key, Authorization
Server: Jetty(9.2.9.v20150224)

{
    "code": 200,
    "type": "unknown",
    "message": "105643"
}
]]></system-out>
  </testcase>
  <testcase name="testPostUser[105644, testuser3, Mohini, Patil, mpatil@gmail.com, test@3, 7654665458](3)" classname="api.test.DataDrivenTest" time="1.082">
    <system-out><![CDATA[HTTP/1.1 200 OK
Date: Thu, 20 Jul 2023 12:42:40 GMT
Content-Type: application/json
Transfer-Encoding: chunked
Connection: keep-alive
Access-Control-Allow-Origin: *
Access-Control-Allow-Methods: GET, POST, DELETE, PUT
Access-Control-Allow-Headers: Content-Type, api_key, Authorization
Server: Jetty(9.2.9.v20150224)

{
    "code": 200,
    "type": "unknown",
    "message": "105644"
}
]]></system-out>
  </testcase>
  <testcase name="deleteUserByNames[testuser1](1)" classname="api.test.DataDrivenTest" time="1.165"/>
  <testcase name="deleteUserByNames[testuser2](2)" classname="api.test.DataDrivenTest" time="1.151"/>
  <testcase name="deleteUserByNames[testuser3](3)" classname="api.test.DataDrivenTest" time="1.352"/>
</testsuite>