<?xml version="1.0" encoding="UTF-8"?>
<!-- Generated by org.testng.reporters.JUnitReportReporter -->
<testsuite hostname="Bidve-HHQ2QL3" failures="0" tests="4" name="api.test.UserTest" time="11.646" errors="0" timestamp="2023-08-29T17:46:06 IST" skipped="0">
  <testcase classname="api.test.UserTest" name="testPostUser" time="5.687"/>
  <system-out/>
  <testcase classname="api.test.UserTest" name="testgetUserByName" time="1.420"/>
  <system-out/>
  <testcase classname="api.test.UserTest" name="testUpadteUserByName" time="3.191"/>
  <system-out/>
  <testcase classname="api.test.UserTest" name="testDeleteUserByName" time="1.348"/>
  <system-out/>
</testsuite> <!-- api.test.UserTest -->
