<?xml version="1.0" encoding="UTF-8"?>
<!-- Generated by org.testng.reporters.JUnitReportReporter -->
<testsuite hostname="Bidve-HHQ2QL3" failures="0" tests="12" name="api.test.DataDrivenTest" time="14.363" errors="0" timestamp="2023-08-29T15:30:26 IST" skipped="0">
  <testcase classname="api.test.DataDrivenTest" name="testPostUser" time="1.193"/>
  <system-out/>
  <testcase classname="api.test.DataDrivenTest" name="testPostUser" time="1.280"/>
  <system-out/>
  <testcase classname="api.test.DataDrivenTest" name="testPostUser" time="1.217"/>
  <system-out/>
  <testcase classname="api.test.DataDrivenTest" name="testPostUser" time="1.246"/>
  <system-out/>
  <testcase classname="api.test.DataDrivenTest" name="getuser" time="1.218"/>
  <system-out/>
  <testcase classname="api.test.DataDrivenTest" name="getuser" time="1.309"/>
  <system-out/>
  <testcase classname="api.test.DataDrivenTest" name="getuser" time="1.119"/>
  <system-out/>
  <testcase classname="api.test.DataDrivenTest" name="getuser" time="1.111"/>
  <system-out/>
  <testcase classname="api.test.DataDrivenTest" name="deleteUserByNames" time="1.154"/>
  <system-out/>
  <testcase classname="api.test.DataDrivenTest" name="deleteUserByNames" time="1.177"/>
  <system-out/>
  <testcase classname="api.test.DataDrivenTest" name="deleteUserByNames" time="1.164"/>
  <system-out/>
  <testcase classname="api.test.DataDrivenTest" name="deleteUserByNames" time="1.175"/>
  <system-out/>
</testsuite> <!-- api.test.DataDrivenTest -->
