<?xml version="1.0" encoding="UTF-8"?>
<!-- Generated by org.testng.reporters.JUnitReportReporter -->
<testsuite hostname="Bidve-HHQ2QL3" failures="0" tests="1" name="api.test.Authentication" time="1.392" errors="0" timestamp="2023-07-05T11:35:25 IST" skipped="0">
  <testcase classname="api.test.Authentication" name="createToken" time="1.392"/>
  <system-out/>
</testsuite> <!-- api.test.Authentication -->
