<?xml version="1.0" encoding="UTF-8"?>
<!-- Generated by org.testng.reporters.JUnitReportReporter -->
<testsuite hostname="Bidve-HHQ2QL3" failures="0" tests="1" name="api.test.Get_Blog_by_Blogid" time="4.073" errors="1" timestamp="2023-06-29T12:34:41 IST" skipped="0">
  <testcase classname="api.test.Get_Blog_by_Blogid" name="GetUserId" time="4.073">
    <error message="com.fasterxml.jackson.databind.exc.MismatchedInputException: Cannot deserialize value of type `[Ljava.lang.String;` from Object value (token `JsonToken.START_OBJECT`)
 at [Source: (String)&quot;{&quot;tableData&quot;:[{&quot;key&quot;:&quot;0&quot;,&quot;blogId&quot;:&quot;647da5bdefafe79e7d465af2&quot;,&quot;title&quot;:&quot;Retesting for blog&quot;,&quot;subTitle&quot;:&quot;&quot;,&quot;description&quot;:&quot;&quot;,&quot;tags&quot;:null,&quot;category&quot;:&quot;Ageing&quot;,&quot;subCategory&quot;:&quot;Fear&quot;,&quot;visibility&quot;:&quot;&quot;,&quot;registerGuest&quot;:0,&quot;attendGuest&quot;:&quot;&quot;,&quot;duration&quot;:&quot;&quot;,&quot;datetime&quot;:&quot;5 Jun, 2023&quot;,&quot;datetimeEnd&quot;:&quot;&quot;,&quot;status&quot;:{&quot;value&quot;:&quot;&quot;,&quot;type&quot;:&quot;&quot;,&quot;comment&quot;:&quot;&quot;,&quot;disable&quot;:false},&quot;icon&quot;:&quot;https://sach-user-profile-blob.s3.ap-south-1.amazonaws.com/&quot;,&quot;author&quot;:&quot;by Gourav  Sharma&quot;,&quot;blogMode&quot;:&quot;&quot;,&quot;blogType&quot;:&quot;&quot;,&quot;action&quot;:[{&quot;value&quot;:&quot;View Blog&quot;,&quot;&quot;[truncated 6089 chars]; line: 1, column: 15] (through reference chain: api.payload.Blog[&quot;tableData&quot;]-&gt;java.lang.Object[][0])" type="java.lang.RuntimeException">
      <![CDATA[java.lang.RuntimeException: com.fasterxml.jackson.databind.exc.MismatchedInputException: Cannot deserialize value of type `[Ljava.lang.String;` from Object value (token `JsonToken.START_OBJECT`)
 at [Source: (String)"{"tableData":[{"key":"0","blogId":"647da5bdefafe79e7d465af2","title":"Retesting for blog","subTitle":"","description":"","tags":null,"category":"Ageing","subCategory":"Fear","visibility":"","registerGuest":0,"attendGuest":"","duration":"","datetime":"5 Jun, 2023","datetimeEnd":"","status":{"value":"","type":"","comment":"","disable":false},"icon":"https://sach-user-profile-blob.s3.ap-south-1.amazonaws.com/","author":"by Gourav  Sharma","blogMode":"","blogType":"","action":[{"value":"View Blog",""[truncated 6089 chars]; line: 1, column: 15] (through reference chain: api.payload.Blog["tableData"]->java.lang.Object[][0])
at io.restassured.internal.path.json.mapping.JsonPathJackson2ObjectDeserializer.deserialize(JsonPathJackson2ObjectDeserializer.java:30)
at io.restassured.path.json.mapping.JsonPathObjectDeserializer$deserialize.call(Unknown Source)
at org.codehaus.groovy.runtime.callsite.CallSiteArray.defaultCall(CallSiteArray.java:45)
at org.codehaus.groovy.runtime.callsite.AbstractCallSite.call(AbstractCallSite.java:125)
at org.codehaus.groovy.runtime.callsite.AbstractCallSite.call(AbstractCallSite.java:139)
at io.restassured.internal.mapping.Jackson2Mapper.deserialize(Jackson2Mapper.groovy:58)
at io.restassured.mapper.ObjectMapper$deserialize.call(Unknown Source)
at org.codehaus.groovy.runtime.callsite.CallSiteArray.defaultCall(CallSiteArray.java:45)
at org.codehaus.groovy.runtime.callsite.AbstractCallSite.call(AbstractCallSite.java:125)
at org.codehaus.groovy.runtime.callsite.AbstractCallSite.call(AbstractCallSite.java:139)
at io.restassured.internal.mapping.ObjectMapping.parseWithJackson2(ObjectMapping.groovy:254)
at io.restassured.internal.mapping.ObjectMapping$parseWithJackson2$0.callStatic(Unknown Source)
at org.codehaus.groovy.runtime.callsite.CallSiteArray.defaultCallStatic(CallSiteArray.java:53)
at org.codehaus.groovy.runtime.callsite.AbstractCallSite.callStatic(AbstractCallSite.java:217)
at org.codehaus.groovy.runtime.callsite.AbstractCallSite.callStatic(AbstractCallSite.java:240)
at io.restassured.internal.mapping.ObjectMapping.deserialize(ObjectMapping.groovy:56)
at io.restassured.internal.mapping.ObjectMapping$deserialize.call(Unknown Source)
at org.codehaus.groovy.runtime.callsite.CallSiteArray.defaultCall(CallSiteArray.java:45)
at org.codehaus.groovy.runtime.callsite.AbstractCallSite.call(AbstractCallSite.java:125)
at io.restassured.internal.RestAssuredResponseOptionsGroovyImpl.as(RestAssuredResponseOptionsGroovyImpl.groovy:231)
at io.restassured.internal.RestAssuredResponseOptionsImpl.as(RestAssuredResponseOptionsImpl.java:169)
at api.test.Get_Blog_by_Blogid.GetUserId(Get_Blog_by_Blogid.java:25)
at java.base/jdk.internal.reflect.DirectMethodHandleAccessor.invoke(DirectMethodHandleAccessor.java:104)
at java.base/java.lang.reflect.Method.invoke(Method.java:577)
at org.testng.internal.invokers.MethodInvocationHelper.invokeMethod(MethodInvocationHelper.java:139)
at org.testng.internal.invokers.TestInvoker.invokeMethod(TestInvoker.java:677)
at org.testng.internal.invokers.TestInvoker.invokeTestMethod(TestInvoker.java:221)
at org.testng.internal.invokers.MethodRunner.runInSequence(MethodRunner.java:50)
at org.testng.internal.invokers.TestInvoker$MethodInvocationAgent.invoke(TestInvoker.java:969)
at org.testng.internal.invokers.TestInvoker.invokeTestMethods(TestInvoker.java:194)
at org.testng.internal.invokers.TestMethodWorker.invokeTestMethods(TestMethodWorker.java:148)
at org.testng.internal.invokers.TestMethodWorker.run(TestMethodWorker.java:128)
at java.base/java.util.ArrayList.forEach(ArrayList.java:1511)
at org.testng.TestRunner.privateRun(TestRunner.java:829)
at org.testng.TestRunner.run(TestRunner.java:602)
at org.testng.SuiteRunner.runTest(SuiteRunner.java:437)
at org.testng.SuiteRunner.runSequentially(SuiteRunner.java:431)
at org.testng.SuiteRunner.privateRun(SuiteRunner.java:391)
at org.testng.SuiteRunner.run(SuiteRunner.java:330)
at org.testng.SuiteRunnerWorker.runSuite(SuiteRunnerWorker.java:52)
at org.testng.SuiteRunnerWorker.run(SuiteRunnerWorker.java:95)
at org.testng.TestNG.runSuitesSequentially(TestNG.java:1256)
at org.testng.TestNG.runSuitesLocally(TestNG.java:1176)
at org.testng.TestNG.runSuites(TestNG.java:1099)
at org.testng.TestNG.run(TestNG.java:1067)
at org.testng.remote.AbstractRemoteTestNG.run(AbstractRemoteTestNG.java:115)
at org.testng.remote.RemoteTestNG.initAndRun(RemoteTestNG.java:251)
at org.testng.remote.RemoteTestNG.main(RemoteTestNG.java:77)
Caused by: com.fasterxml.jackson.databind.exc.MismatchedInputException: Cannot deserialize value of type `[Ljava.lang.String;` from Object value (token `JsonToken.START_OBJECT`)
 at [Source: (String)"{"tableData":[{"key":"0","blogId":"647da5bdefafe79e7d465af2","title":"Retesting for blog","subTitle":"","description":"","tags":null,"category":"Ageing","subCategory":"Fear","visibility":"","registerGuest":0,"attendGuest":"","duration":"","datetime":"5 Jun, 2023","datetimeEnd":"","status":{"value":"","type":"","comment":"","disable":false},"icon":"https://sach-user-profile-blob.s3.ap-south-1.amazonaws.com/","author":"by Gourav  Sharma","blogMode":"","blogType":"","action":[{"value":"View Blog",""[truncated 6089 chars]; line: 1, column: 15] (through reference chain: api.payload.Blog["tableData"]->java.lang.Object[][0])
at com.fasterxml.jackson.databind.exc.MismatchedInputException.from(MismatchedInputException.java:59)
at com.fasterxml.jackson.databind.DeserializationContext.reportInputMismatch(DeserializationContext.java:1752)
at com.fasterxml.jackson.databind.DeserializationContext.handleUnexpectedToken(DeserializationContext.java:1526)
at com.fasterxml.jackson.databind.DeserializationContext.handleUnexpectedToken(DeserializationContext.java:1431)
at com.fasterxml.jackson.databind.DeserializationContext.extractScalarFromObject(DeserializationContext.java:943)
at com.fasterxml.jackson.databind.deser.std.StdDeserializer._parseString(StdDeserializer.java:1424)
at com.fasterxml.jackson.databind.deser.std.StringArrayDeserializer.deserialize(StringArrayDeserializer.java:168)
at com.fasterxml.jackson.databind.deser.std.StringArrayDeserializer.deserialize(StringArrayDeserializer.java:27)
at com.fasterxml.jackson.databind.deser.impl.MethodProperty.deserializeAndSet(MethodProperty.java:129)
at com.fasterxml.jackson.databind.deser.BeanDeserializer.vanillaDeserialize(BeanDeserializer.java:314)
at com.fasterxml.jackson.databind.deser.BeanDeserializer.deserialize(BeanDeserializer.java:177)
at com.fasterxml.jackson.databind.deser.DefaultDeserializationContext.readRootValue(DefaultDeserializationContext.java:323)
at com.fasterxml.jackson.databind.ObjectMapper._readMapAndClose(ObjectMapper.java:4825)
at com.fasterxml.jackson.databind.ObjectMapper.readValue(ObjectMapper.java:3772)
at io.restassured.internal.path.json.mapping.JsonPathJackson2ObjectDeserializer.deserialize(JsonPathJackson2ObjectDeserializer.java:28)
... 47 more
]]>
    </error>
  </testcase> <!-- GetUserId -->
  <system-out/>
</testsuite> <!-- api.test.Get_Blog_by_Blogid -->
