<?xml version="1.0" encoding="UTF-8"?>
<!-- Generated by org.testng.reporters.JUnitReportReporter -->
<testsuite hostname="Bidve-HHQ2QL3" failures="0" tests="6" name="api.test.DataDrivenTest" time="7.218" errors="0" timestamp="2023-07-20T18:12:15 IST" skipped="0">
  <testcase classname="api.test.DataDrivenTest" name="testPostUser" time="1.378"/>
  <system-out/>
  <testcase classname="api.test.DataDrivenTest" name="testPostUser" time="1.162"/>
  <system-out/>
  <testcase classname="api.test.DataDrivenTest" name="testPostUser" time="1.107"/>
  <system-out/>
  <testcase classname="api.test.DataDrivenTest" name="deleteUserByNames" time="1.114"/>
  <system-out/>
  <testcase classname="api.test.DataDrivenTest" name="deleteUserByNames" time="1.216"/>
  <system-out/>
  <testcase classname="api.test.DataDrivenTest" name="deleteUserByNames" time="1.241"/>
  <system-out/>
</testsuite> <!-- api.test.DataDrivenTest -->
