<?xml version="1.0" encoding="UTF-8"?>
<!-- Generated by org.testng.reporters.JUnitReportReporter -->
<testsuite hostname="Bidve-HHQ2QL3" failures="0" tests="1" name="api.test.UserTest" time="5.258" errors="0" timestamp="2023-07-20T14:57:57 IST" skipped="0">
  <testcase classname="api.test.UserTest" name="testPostUser" time="5.258"/>
  <system-out/>
</testsuite> <!-- api.test.UserTest -->
