<?xml version="1.0" encoding="UTF-8"?>
<!-- Generated by org.testng.reporters.JUnitReportReporter -->
<testsuite hostname="Bidve-HHQ2QL3" failures="0" tests="1" name="api.test.BlogTest" time="1.772" errors="0" timestamp="2023-07-03T10:22:07 IST" skipped="0">
  <testcase classname="api.test.BlogTest" name="createBlog" time="1.772"/>
  <system-out/>
</testsuite> <!-- api.test.BlogTest -->
