<?xml version="1.0" encoding="UTF-8"?>
<!-- Generated by org.testng.reporters.JUnitReportReporter -->
<testsuite hostname="Bidve-HHQ2QL3" failures="0" tests="12" name="api.test.DataDrivenTest" time="15.741" errors="0" timestamp="2023-08-29T15:26:02 IST" skipped="0">
  <testcase classname="api.test.DataDrivenTest" name="testPostUser" time="1.724"/>
  <system-out/>
  <testcase classname="api.test.DataDrivenTest" name="testPostUser" time="1.141"/>
  <system-out/>
  <testcase classname="api.test.DataDrivenTest" name="testPostUser" time="1.155"/>
  <system-out/>
  <testcase classname="api.test.DataDrivenTest" name="testPostUser" time="1.205"/>
  <system-out/>
  <testcase classname="api.test.DataDrivenTest" name="getuser" time="1.171"/>
  <system-out/>
  <testcase classname="api.test.DataDrivenTest" name="getuser" time="1.151"/>
  <system-out/>
  <testcase classname="api.test.DataDrivenTest" name="getuser" time="1.123"/>
  <system-out/>
  <testcase classname="api.test.DataDrivenTest" name="getuser" time="1.158"/>
  <system-out/>
  <testcase classname="api.test.DataDrivenTest" name="deleteUserByNames" time="1.183"/>
  <system-out/>
  <testcase classname="api.test.DataDrivenTest" name="deleteUserByNames" time="1.190"/>
  <system-out/>
  <testcase classname="api.test.DataDrivenTest" name="deleteUserByNames" time="2.160"/>
  <system-out/>
  <testcase classname="api.test.DataDrivenTest" name="deleteUserByNames" time="1.380"/>
  <system-out/>
</testsuite> <!-- api.test.DataDrivenTest -->
