<?xml version="1.0" encoding="UTF-8"?>
<!-- Generated by org.testng.reporters.JUnitReportReporter -->
<testsuite hostname="Bidve-HHQ2QL3" failures="0" tests="6" name="api.test.DataDrivenTest" time="7.779" errors="0" timestamp="2023-07-20T18:12:44 IST" skipped="0">
  <testcase classname="api.test.DataDrivenTest" name="testPostUser" time="1.119"/>
  <system-out/>
  <testcase classname="api.test.DataDrivenTest" name="testPostUser" time="1.084"/>
  <system-out/>
  <testcase classname="api.test.DataDrivenTest" name="testPostUser" time="1.891"/>
  <system-out/>
  <testcase classname="api.test.DataDrivenTest" name="deleteUserByNames" time="1.354"/>
  <system-out/>
  <testcase classname="api.test.DataDrivenTest" name="deleteUserByNames" time="1.151"/>
  <system-out/>
  <testcase classname="api.test.DataDrivenTest" name="deleteUserByNames" time="1.180"/>
  <system-out/>
</testsuite> <!-- api.test.DataDrivenTest -->
