<?xml version="1.0" encoding="UTF-8"?>
<!-- Generated by org.testng.reporters.JUnitReportReporter -->
<testsuite hostname="Bidve-HHQ2QL3" failures="0" tests="4" name="api.test.UserTest" time="9.621" errors="0" timestamp="2023-07-05T18:52:22 IST" skipped="0">
  <testcase classname="api.test.UserTest" name="testPostUser" time="3.642"/>
  <system-out/>
  <testcase classname="api.test.UserTest" name="testgetUserByName" time="1.477"/>
  <system-out/>
  <testcase classname="api.test.UserTest" name="testUpadteUserByName" time="2.584"/>
  <system-out/>
  <testcase classname="api.test.UserTest" name="testDeleteUserByName" time="1.918"/>
  <system-out/>
</testsuite> <!-- api.test.UserTest -->
