<?xml version="1.0" encoding="UTF-8"?>
<!-- Generated by org.testng.reporters.JUnitReportReporter -->
<testsuite hostname="Bidve-HHQ2QL3" failures="0" tests="2" name="api.test.API" time="2.548" errors="0" timestamp="2023-08-29T15:26:02 IST" skipped="0">
  <testcase classname="api.test.API" name="CreateBlog" time="2.264"/>
  <system-out/>
  <testcase classname="api.test.API" name="Roles" time="0.284"/>
  <system-out/>
</testsuite> <!-- api.test.API -->
